0 info it worked if it ends with ok
1 verbose cli [ '/Users/olivier/.nvm/versions/node/v6.11.4/bin/node',
1 verbose cli   '/Users/olivier/.nvm/versions/node/v6.11.4/bin/npm',
1 verbose cli   'run',
1 verbose cli   'build' ]
2 info using npm@3.10.10
3 info using node@v6.11.4
4 verbose run-script [ 'prebuild', 'build', 'postbuild' ]
5 info lifecycle gatsby-starter-netlify-cms@1.1.3~prebuild: gatsby-starter-netlify-cms@1.1.3
6 silly lifecycle gatsby-starter-netlify-cms@1.1.3~prebuild: no script for prebuild, continuing
7 info lifecycle gatsby-starter-netlify-cms@1.1.3~build: gatsby-starter-netlify-cms@1.1.3
8 verbose lifecycle gatsby-starter-netlify-cms@1.1.3~build: unsafe-perm in lifecycle true
9 verbose lifecycle gatsby-starter-netlify-cms@1.1.3~build: PATH: /Users/olivier/.nvm/versions/node/v6.11.4/lib/node_modules/npm/bin/node-gyp-bin:/Users/olivier/Sites/sapiosexual/node_modules/.bin:/usr/local/sbin:/Users/olivier/.nvm/versions/node/v6.11.4/bin:/usr/local/bin:/usr/bin:/bin:/usr/sbin:/sbin:/usr/local/bin
10 verbose lifecycle gatsby-starter-netlify-cms@1.1.3~build: CWD: /Users/olivier/Sites/sapiosexual
11 silly lifecycle gatsby-starter-netlify-cms@1.1.3~build: Args: [ '-c', 'npm run clean && gatsby build' ]
12 silly lifecycle gatsby-starter-netlify-cms@1.1.3~build: Returned: code: 1  signal: null
13 info lifecycle gatsby-starter-netlify-cms@1.1.3~build: Failed to exec build script
14 verbose stack Error: gatsby-starter-netlify-cms@1.1.3 build: `npm run clean && gatsby build`
14 verbose stack Exit status 1
14 verbose stack     at EventEmitter.<anonymous> (/Users/olivier/.nvm/versions/node/v6.11.4/lib/node_modules/npm/lib/utils/lifecycle.js:255:16)
14 verbose stack     at emitTwo (events.js:106:13)
14 verbose stack     at EventEmitter.emit (events.js:191:7)
14 verbose stack     at ChildProcess.<anonymous> (/Users/olivier/.nvm/versions/node/v6.11.4/lib/node_modules/npm/lib/utils/spawn.js:40:14)
14 verbose stack     at emitTwo (events.js:106:13)
14 verbose stack     at ChildProcess.emit (events.js:191:7)
14 verbose stack     at maybeClose (internal/child_process.js:920:16)
14 verbose stack     at Process.ChildProcess._handle.onexit (internal/child_process.js:230:5)
15 verbose pkgid gatsby-starter-netlify-cms@1.1.3
16 verbose cwd /Users/olivier/Sites/sapiosexual
17 error Darwin 18.2.0
18 error argv "/Users/olivier/.nvm/versions/node/v6.11.4/bin/node" "/Users/olivier/.nvm/versions/node/v6.11.4/bin/npm" "run" "build"
19 error node v6.11.4
20 error npm  v3.10.10
21 error code ELIFECYCLE
22 error gatsby-starter-netlify-cms@1.1.3 build: `npm run clean && gatsby build`
22 error Exit status 1
23 error Failed at the gatsby-starter-netlify-cms@1.1.3 build script 'npm run clean && gatsby build'.
23 error Make sure you have the latest version of node.js and npm installed.
23 error If you do, this is most likely a problem with the gatsby-starter-netlify-cms package,
23 error not with npm itself.
23 error Tell the author that this fails on your system:
23 error     npm run clean && gatsby build
23 error You can get information on how to open an issue for this project with:
23 error     npm bugs gatsby-starter-netlify-cms
23 error Or if that isn't available, you can get their info via:
23 error     npm owner ls gatsby-starter-netlify-cms
23 error There is likely additional logging output above.
24 verbose exit [ 1, true ]
